0 info it worked if it ends with ok
1 verbose cli [ 'E:\\Develop\\NodeJS\\core\\node.exe',
1 verbose cli   'E:\\Develop\\NodeJS\\core\\node_modules\\npm\\bin\\npm-cli.js',
1 verbose cli   'start' ]
2 info using npm@3.10.3
3 info using node@v6.3.1
4 verbose run-script [ 'prestart', 'start', 'poststart' ]
5 info lifecycle react-theme-provider@0.1.0~prestart: react-theme-provider@0.1.0
6 silly lifecycle react-theme-provider@0.1.0~prestart: no script for prestart, continuing
7 info lifecycle react-theme-provider@0.1.0~start: react-theme-provider@0.1.0
8 verbose lifecycle react-theme-provider@0.1.0~start: unsafe-perm in lifecycle true
9 verbose lifecycle react-theme-provider@0.1.0~start: PATH: E:\Develop\NodeJS\core\node_modules\npm\bin\node-gyp-bin;E:\DevelopWeb\_CompFactory\_Develop\react-theme-provider\node_modules\.bin;E:\Develop\NodeJS\core;C:\Windows\system32;C:\Windows;C:\Windows\System32\Wbem;C:\Windows\System32\WindowsPowerShell\v1.0\;C:\Program Files (x86)\Skype\Phone\;E:\Develop\NodeJS\core\;C:\Program Files\Git\cmd;E:\Develop\NodeJS\cmder\;C:\Program Files (x86)\Brackets\command;C:\Users\UsulPro\AppData\Roaming\npm;C:\Users\UsulPro\AppData\Local\.meteor\
10 verbose lifecycle react-theme-provider@0.1.0~start: CWD: E:\DevelopWeb\_CompFactory\_Develop\react-theme-provider
11 silly lifecycle react-theme-provider@0.1.0~start: Args: [ '/d /s /c', 'start-storybook -p 9001' ]
12 silly lifecycle react-theme-provider@0.1.0~start: Returned: code: 1  signal: null
13 info lifecycle react-theme-provider@0.1.0~start: Failed to exec start script
14 verbose stack Error: react-theme-provider@0.1.0 start: `start-storybook -p 9001`
14 verbose stack Exit status 1
14 verbose stack     at EventEmitter.<anonymous> (E:\Develop\NodeJS\core\node_modules\npm\lib\utils\lifecycle.js:242:16)
14 verbose stack     at emitTwo (events.js:106:13)
14 verbose stack     at EventEmitter.emit (events.js:191:7)
14 verbose stack     at ChildProcess.<anonymous> (E:\Develop\NodeJS\core\node_modules\npm\lib\utils\spawn.js:40:14)
14 verbose stack     at emitTwo (events.js:106:13)
14 verbose stack     at ChildProcess.emit (events.js:191:7)
14 verbose stack     at maybeClose (internal/child_process.js:852:16)
14 verbose stack     at Process.ChildProcess._handle.onexit (internal/child_process.js:215:5)
15 verbose pkgid react-theme-provider@0.1.0
16 verbose cwd E:\DevelopWeb\_CompFactory\_Develop\react-theme-provider\example\stories
17 error Windows_NT 6.3.9600
18 error argv "E:\\Develop\\NodeJS\\core\\node.exe" "E:\\Develop\\NodeJS\\core\\node_modules\\npm\\bin\\npm-cli.js" "start"
19 error node v6.3.1
20 error npm  v3.10.3
21 error code ELIFECYCLE
22 error react-theme-provider@0.1.0 start: `start-storybook -p 9001`
22 error Exit status 1
23 error Failed at the react-theme-provider@0.1.0 start script 'start-storybook -p 9001'.
23 error Make sure you have the latest version of node.js and npm installed.
23 error If you do, this is most likely a problem with the react-theme-provider package,
23 error not with npm itself.
23 error Tell the author that this fails on your system:
23 error     start-storybook -p 9001
23 error You can get information on how to open an issue for this project with:
23 error     npm bugs react-theme-provider
23 error Or if that isn't available, you can get their info via:
23 error     npm owner ls react-theme-provider
23 error There is likely additional logging output above.
24 verbose exit [ 1, true ]
